<?xml version="1.0" encoding="UTF-8"?>
<!-- Generated by org.testng.reporters.JUnitReportReporter -->
<testsuite hostname="DESKTOP-QVGKUSK" failures="0" tests="1" name="parallal_excuation.parallar1" time="18.923" errors="0" timestamp="2022-11-03T11:06:26 GMT-04:00" skipped="0">
  <testcase classname="parallal_excuation.parallar1" name="TC1" time="18.923"/>
  <system-out/>
</testsuite> <!-- parallal_excuation.parallar1 -->
