<?xml version="1.0" encoding="UTF-8"?>
<!-- Generated by org.testng.reporters.JUnitReportReporter -->
<testsuite hostname="DESKTOP-QVGKUSK" failures="0" tests="1" name="Testng_advantages.Assert_equals" time="0.018" errors="0" timestamp="2022-11-06T20:44:47 GMT-05:00" skipped="0">
  <testcase classname="Testng_advantages.Assert_equals" name="Tc1" time="0.018"/>
  <system-out>
    <![CDATA[test case 1]]>
  </system-out>
</testsuite> <!-- Testng_advantages.Assert_equals -->
