<?xml version="1.0" encoding="UTF-8"?>
<!-- Generated by org.testng.reporters.JUnitReportReporter -->
<testsuite hostname="DESKTOP-QVGKUSK" failures="0" tests="3" name="Testng_advantages.amazon" time="38.275" errors="0" timestamp="2022-11-08T09:58:54 GMT-05:00" skipped="0">
  <testcase classname="Testng_advantages.amazon" name="m3" time="12.645"/>
  <system-out/>
  <testcase classname="Testng_advantages.amazon" name="m2" time="15.878"/>
  <system-out/>
  <testcase classname="Testng_advantages.amazon" name="m1" time="9.752"/>
  <system-out/>
</testsuite> <!-- Testng_advantages.amazon -->
