<?xml version="1.0" encoding="UTF-8"?>
<!-- Generated by org.testng.reporters.JUnitReportReporter -->
<testsuite hostname="DESKTOP-QVGKUSK" failures="0" tests="3" name="TestNg_program.A1" time="0.039" errors="0" timestamp="2022-11-03T10:34:53 GMT-04:00" skipped="0">
  <testcase classname="TestNg_program.A1" name="TC2" time="0.023"/>
  <system-out>
    <![CDATA[running Tc2]]>
  </system-out>
  <testcase classname="TestNg_program.A1" name="Tc1" time="0.008"/>
  <system-out>
    <![CDATA[running Tc1]]>
  </system-out>
  <testcase classname="TestNg_program.A1" name="TC3" time="0.008"/>
  <system-out>
    <![CDATA[running Tc3]]>
  </system-out>
</testsuite> <!-- TestNg_program.A1 -->
