<?xml version="1.0" encoding="UTF-8"?>
<!-- Generated by org.testng.reporters.JUnitReportReporter -->
<testsuite hostname="DESKTOP-QVGKUSK" failures="0" tests="3" name="TestNg_program.privority" time="0.021" errors="0" timestamp="2022-11-02T10:34:50 GMT-04:00" skipped="0">
  <testcase classname="TestNg_program.privority" name="TC3" time="0.014"/>
  <system-out>
    <![CDATA[running Tc3]]>
  </system-out>
  <testcase classname="TestNg_program.privority" name="TC1" time="0.004"/>
  <system-out>
    <![CDATA[running Tc1]]>
  </system-out>
  <testcase classname="TestNg_program.privority" name="TC2" time="0.003"/>
  <system-out>
    <![CDATA[running Tc2]]>
  </system-out>
</testsuite> <!-- TestNg_program.privority -->
