<?xml version="1.0" encoding="UTF-8"?>
<!-- Generated by org.testng.reporters.JUnitReportReporter -->
<testsuite hostname="DESKTOP-QVGKUSK" failures="0" tests="1" name="multibrowser.B" time="7.842" errors="0" timestamp="2022-11-04T21:55:17 GMT-04:00" skipped="0">
  <testcase classname="multibrowser.B" name="TC" time="7.842"/>
  <system-out/>
</testsuite> <!-- multibrowser.B -->
