<?xml version="1.0" encoding="UTF-8"?>
<!-- Generated by org.testng.reporters.JUnitReportReporter -->
<testsuite hostname="DESKTOP-QVGKUSK" failures="0" tests="1" name="TestNG.test_Ng" time="0.017" errors="0" timestamp="2022-10-29T06:55:07 GMT-04:00" skipped="0">
  <testcase classname="TestNG.test_Ng" name="m1" time="0.017"/>
  <system-out>
    <![CDATA[Hii]]>
  </system-out>
</testsuite> <!-- TestNG.test_Ng -->
