<?xml version="1.0" encoding="UTF-8"?>
<!-- Generated by org.testng.reporters.JUnitReportReporter -->
<testsuite hostname="DESKTOP-QVGKUSK" failures="0" tests="2" name="multibrowser.mulibrowser" time="22.080" errors="0" timestamp="2022-11-04T22:44:27 GMT-04:00" skipped="0">
  <testcase classname="multibrowser.mulibrowser" name="TC" time="13.466"/>
  <system-out/>
  <testcase classname="multibrowser.mulibrowser" name="TC" time="8.614"/>
  <system-out/>
</testsuite> <!-- multibrowser.mulibrowser -->
