<?xml version="1.0" encoding="UTF-8"?>
<!-- Generated by org.testng.reporters.JUnitReportReporter -->
<testsuite hostname="DESKTOP-QVGKUSK" failures="0" tests="2" name="TestNg_program.Enable" time="0.012" errors="0" timestamp="2022-11-02T10:44:02 GMT-04:00" skipped="1">
  <testcase classname="TestNg_program.Enable" name="tc2" time="0.012"/>
  <system-out>
    <![CDATA[runing tc2]]>
  </system-out>
  <testcase classname="TestNg_program.Enable" name="Tc1">
    <skipped/>
  </testcase> <!-- Tc1 -->
  <system-out/>
</testsuite> <!-- TestNg_program.Enable -->
