<?xml version="1.0" encoding="UTF-8"?>
<!-- Generated by org.testng.reporters.JUnitReportReporter -->
<testsuite hostname="DESKTOP-QVGKUSK" failures="0" tests="1" name="TestNg_program.A2" time="0.002" errors="0" timestamp="2022-11-02T11:41:47 GMT-04:00" skipped="0">
  <testcase classname="TestNg_program.A2" name="TC6" time="0.002"/>
  <system-out>
    <![CDATA[running Tc6]]>
  </system-out>
</testsuite> <!-- TestNg_program.A2 -->
