<?xml version="1.0" encoding="UTF-8"?>
<!-- Generated by org.testng.reporters.JUnitReportReporter -->
<testsuite hostname="DESKTOP-QVGKUSK" failures="0" tests="3" name="TestNg_program.A3" time="0.004" errors="0" timestamp="2022-11-02T11:41:47 GMT-04:00" skipped="0">
  <testcase classname="TestNg_program.A3" name="TC8" time="0.001"/>
  <system-out>
    <![CDATA[running Tc9]]>
  </system-out>
  <testcase classname="TestNg_program.A3" name="TC9" time="0.002"/>
  <system-out>
    <![CDATA[running Tc9]]>
  </system-out>
  <testcase classname="TestNg_program.A3" name="Tc7" time="0.001"/>
  <system-out>
    <![CDATA[running Tc7]]>
  </system-out>
</testsuite> <!-- TestNg_program.A3 -->
