<?xml version="1.0" encoding="UTF-8"?>
<!-- Generated by org.testng.reporters.JUnitReportReporter -->
<testsuite hostname="DESKTOP-QVGKUSK" failures="0" tests="1" name="pom_withpage_factory_usingTestng.test1" time="9.278" errors="0" timestamp="2022-11-16T10:59:29 GMT-05:00" skipped="0">
  <testcase classname="pom_withpage_factory_usingTestng.test1" name="verifytext" time="9.278"/>
  <system-out>
    <![CDATA[runing verifytext]]>
  </system-out>
</testsuite> <!-- pom_withpage_factory_usingTestng.test1 -->
